
> test@0.0.1 start:dev
> nest start --watch

c[[90m2:53:56 AM[0m] Starting compilation in watch mode...

[[90m2:53:59 AM[0m] Found 0 errors. Watching for file changes.

[32m[Nest] 15097   - [39m06/02/2021, 2:54:00 AM   [38;5;3m[NestFactory] [39m[32mStarting Nest application...[39m
[32m[Nest] 15097   - [39m06/02/2021, 2:54:00 AM   [38;5;3m[InstanceLoader] [39m[32mAppModule dependencies initialized[39m[38;5;3m +21ms[39m
[32m[Nest] 15097   - [39m06/02/2021, 2:54:00 AM   [38;5;3m[RoutesResolver] [39m[32mAppController {}:[39m[38;5;3m +4ms[39m
[32m[Nest] 15097   - [39m06/02/2021, 2:54:00 AM   [38;5;3m[RouterExplorer] [39m[32mMapped {, GET} route[39m[38;5;3m +2ms[39m
[32m[Nest] 15097   - [39m06/02/2021, 2:54:00 AM   [38;5;3m[NestApplication] [39m[32mNest application successfully started[39m[38;5;3m +2ms[39m
Killed

> test@0.0.1 start:dev
> nest start --watch

c[[90m2:57:53 AM[0m] Starting compilation in watch mode...

[[90m2:57:57 AM[0m] Found 0 errors. Watching for file changes.

[32m[Nest] 15219   - [39m06/02/2021, 2:57:57 AM   [38;5;3m[NestFactory] [39m[32mStarting Nest application...[39m
[32m[Nest] 15219   - [39m06/02/2021, 2:57:57 AM   [38;5;3m[InstanceLoader] [39m[32mAppModule dependencies initialized[39m[38;5;3m +22ms[39m
[32m[Nest] 15219   - [39m06/02/2021, 2:57:57 AM   [38;5;3m[RoutesResolver] [39m[32mAppController {}:[39m[38;5;3m +4ms[39m
[32m[Nest] 15219   - [39m06/02/2021, 2:57:57 AM   [38;5;3m[RouterExplorer] [39m[32mMapped {, GET} route[39m[38;5;3m +2ms[39m
[32m[Nest] 15219   - [39m06/02/2021, 2:57:57 AM   [38;5;3m[NestApplication] [39m[32mNest application successfully started[39m[38;5;3m +1ms[39m

> test@0.0.1 start
> nest start

[32m[Nest] 1864   - [39m06/02/2021, 7:00:44 AM   [38;5;3m[NestFactory] [39m[32mStarting Nest application...[39m
[32m[Nest] 1864   - [39m06/02/2021, 7:00:46 AM   [38;5;3m[InstanceLoader] [39m[32mAppModule dependencies initialized[39m[38;5;3m +2316ms[39m
[32m[Nest] 1864   - [39m06/02/2021, 7:00:46 AM   [38;5;3m[RoutesResolver] [39m[32mAppController {}:[39m[38;5;3m +8ms[39m
[32m[Nest] 1864   - [39m06/02/2021, 7:00:46 AM   [38;5;3m[RouterExplorer] [39m[32mMapped {, GET} route[39m[38;5;3m +4ms[39m
[32m[Nest] 1864   - [39m06/02/2021, 7:00:46 AM   [38;5;3m[NestApplication] [39m[32mNest application successfully started[39m[38;5;3m +3ms[39m
